<?xml version="1.0" encoding="utf-8"?><testsuites name="pytest tests"><testsuite name="pytest" errors="0" failures="0" skipped="0" tests="48" time="20.455" timestamp="2026-09-06T08:59:33.924639+05:30" hostname="Shivdeep"><testcase classname="tests.test_checkpoint" name="test_denies_unauthorized_tool_and_audits" time="0.004" /><testcase classname="tests.test_checkpoint" name="test_allows_authorized_tool" time="0.002" /><testcase classname="tests.test_checkpoint" name="test_signed_record_verifies" time="0.004" /><testcase classname="tests.test_checkpoint" name="test_tampered_record_fails_verification" time="0.006" /><testcase classname="tests.test_policy_pdp" name="test_intake_agent_denied_wire_funds" time="0.001" /><testcase classname="tests.test_policy_pdp" name="test_treasury_agent_allowed_wire_funds" time="0.001" /><testcase classname="tests.test_policy_pdp" name="test_treasury_low_trust_denied_wire_funds" time="0.001" /><testcase classname="tests.test_policy_pdp" name="test_read_tool_allowed_for_any_agent" time="0.001" /><testcase classname="tests.test_policy_pdp" name="test_unknown_tool_default_deny" time="0.001" /><testcase classname="tests.test_policy_pdp" name="test_within_mandate_allowed" time="0.002" /><testcase classname="tests.test_policy_pdp" name="test_over_limit_denied_even_for_treasury" time="0.001" /><testcase classname="tests.test_policy_pdp" name="test_unlisted_payee_denied" time="0.001" /><testcase classname="tests.test_policy_pdp" name="test_missing_amount_fails_closed" time="0.001" /><testcase classname="tests.test_policy_pdp" name="test_hard_cap_forbid_beats_permit" time="0.003" /><testcase classname="tests.test_policy_pdp" name="test_conditions_are_backward_compatible" time="0.001" /><testcase classname="tests.test_policy_pdp" name="test_cedar_engine_if_available" time="0.013" /><testcase classname="tests.test_submission" name="test_allowed_read_reaches_http_backend_and_has_correlated_receipt" time="1.015" /><testcase classname="tests.test_submission" name="test_disallowed_requests_never_dispatch[read_documents-arguments0-outside_task_scope]" time="0.545" /><testcase classname="tests.test_submission" name="test_disallowed_requests_never_dispatch[external_upload-arguments1-tool_not_permitted]" time="0.547" /><testcase classname="tests.test_submission" name="test_disallowed_requests_never_dispatch[http_get-arguments2-tool_not_permitted]" time="0.544" /><testcase classname="tests.test_submission" name="test_disallowed_requests_never_dispatch[read_documents-arguments3-invalid_arguments]" time="0.548" /><testcase classname="tests.test_submission" name="test_disallowed_requests_never_dispatch[read_documents-arguments4-invalid_arguments]" time="0.542" /><testcase classname="tests.test_submission" name="test_disallowed_requests_never_dispatch[read_documents-arguments5-invalid_arguments]" time="0.553" /><testcase classname="tests.test_submission" name="test_disallowed_requests_never_dispatch[read_documents-arguments6-invalid_arguments]" time="0.556" /><testcase classname="tests.test_submission" name="test_disallowed_requests_never_dispatch[read_documents-arguments7-invalid_arguments]" time="0.547" /><testcase classname="tests.test_submission" name="test_task_reference_bound_to_agent_user_tenant[other_agent_token]" time="0.544" /><testcase classname="tests.test_submission" name="test_task_reference_bound_to_agent_user_tenant[other_tenant_token]" time="0.556" /><testcase classname="tests.test_submission" name="test_invalid_agent_credential_cannot_execute" time="0.546" /><testcase classname="tests.test_submission" name="test_operator_is_not_an_agent_credential" time="0.542" /><testcase classname="tests.test_submission" name="test_agent_cannot_issue_or_revoke_tasks" time="0.545" /><testcase classname="tests.test_submission" name="test_revocation_stops_next_read_and_does_not_erase_evidence" time="1.009" /><testcase classname="tests.test_submission" name="test_expiry_and_removed_entitlement" time="0.531" /><testcase classname="tests.test_submission" name="test_unknown_task_denied" time="0.539" /><testcase classname="tests.test_submission" name="test_direct_backend_bypass_rejected_even_with_agent_token" time="0.891" /><testcase classname="tests.test_submission" name="test_policy_exception_fails_closed" time="0.541" /><testcase classname="tests.test_submission" name="test_evidence_failure_before_dispatch_stops_execution" time="0.550" /><testcase classname="tests.test_submission" name="test_failed_assignment_not_issued_and_failed_revocation_not_acknowledged" time="0.560" /><testcase classname="tests.test_submission" name="test_backend_timeout_is_not_reported_successful" time="0.553" /><testcase classname="tests.test_submission" name="test_result_evidence_failure_leaves_unresolved_intent" time="0.927" /><testcase classname="tests.test_submission" name="test_export_signature_and_tamper_and_pinned_key" time="0.998" /><testcase classname="tests.test_submission" name="test_durable_events_survive_reopening" time="0.050" /><testcase classname="tests.test_submission" name="test_revoke_and_dispatch_have_serial_order" time="0.942" /><testcase classname="tests.test_submission" name="test_http_auth_and_operator_separation" time="0.537" /><testcase classname="tests.test_submission" name="test_http_rejects_forged_principal_fields" time="0.541" /><testcase classname="tests.test_submission" name="test_http_denied_returns_403" time="0.542" /><testcase classname="tests.test_submission" name="test_http_cross_origin_and_host_rejected" time="0.547" /><testcase classname="tests.test_submission" name="test_complete_submission_flow" time="0.894" /><testcase classname="tests.test_submission" name="test_page_assets_no_credentials_or_external_dependencies" time="0.553" /></testsuite></testsuites>